<?xml version="1.0" encoding="UTF-8"?>
<!-- Generated by org.testng.reporters.JUnitReportReporter -->
<testsuite skipped="0" hostname="TYC1121687" name="skills.Tc_001Test" tests="1" failures="0" timestamp="2022-03-02T18:14:03 IST" time="3.740" errors="0">
  <testcase name="Profile" time="3.740" classname="skills.Tc_001Test"/>
  <system-out>
FirstName Is Updated Successfully in Profile Category  </system-out>
</testsuite> <!-- skills.Tc_001Test -->
