<?xml version="1.0" encoding="UTF-8"?>
<!-- Generated by org.testng.reporters.JUnitReportReporter -->
<testsuite skipped="0" hostname="TYC1121687" name="skills.Tc_002Test" tests="1" failures="0" timestamp="2022-03-02T18:14:18 IST" time="4.134" errors="0">
  <testcase name="Profile" time="4.134" classname="skills.Tc_002Test"/>
  <system-out>
FirstName Is Updated Successfully in Profile Category  </system-out>
</testsuite> <!-- skills.Tc_002Test -->
