<?xml version="1.0" encoding="UTF-8"?>
<!-- Generated by org.testng.reporters.JUnitReportReporter -->
<testsuite skipped="0" hostname="TYC1121687" name="skills.Tc_003Test" tests="1" failures="0" timestamp="2022-03-03T09:09:56 IST" time="10.366" errors="0">
  <testcase name="Profile" time="10.366" classname="skills.Tc_003Test"/>
  <system-out>
FirstName and LastName Is Updated Successfully in Profile Category  </system-out>
</testsuite> <!-- skills.Tc_003Test -->
